#
# A fatal error has been detected by the Java Runtime Environment:
#
#  SIGSEGV (0xb) at pc=0x00007f71fae6f0ff, pid=17837, tid=0x00007f71ccea3700
#
# JRE version: Java(TM) SE Runtime Environment (8.0_121-b13) (build 1.8.0_121-b13)
# Java VM: Java HotSpot(TM) 64-Bit Server VM (25.121-b13 mixed mode linux-amd64 compressed oops)
# Problematic frame:
# C  [libc.so.6+0x15f0ff]
#
# Failed to write core dump. Core dumps have been disabled. To enable core dumping, try "ulimit -c unlimited" before starting Java again
#
# If you would like to submit a bug report, please visit:
#   http://bugreport.java.com/bugreport/crash.jsp
# The crash happened outside the Java Virtual Machine in native code.
# See problematic frame for where to report the bug.
#

---------------  T H R E A D  ---------------

Current thread (0x00007f71a409b000):  JavaThread "grpc-default-executor-0" daemon [_thread_in_native, id=18212, stack(0x00007f71ccda3000,0x00007f71ccea4000)]

siginfo: si_signo: 11 (SIGSEGV), si_code: 1 (SEGV_MAPERR), si_addr: 0x00007f71fb938000

Registers:
RAX=0x00007f71940192c0, RBX=0x0000000000007265, RCX=0x0000000000008000, RDX=0x00000000000040d5
RSP=0x00007f71cce9fff8, RBP=0x00007f71ccea0050, RSI=0x00007f71fb937fad, RDI=0x00007f719401c350
R8 =0x00007f71940192c0, R9 =0x00007f71fae6f0e0, R10=0x00007f7194000078, R11=0x00007f71faea7470
R12=0x00007f71fb927c15, R13=0x00007f71940065b0, R14=0x0000000000006966, R15=0x00007f71f40d8240
RIP=0x00007f71fae6f0ff, EFLAGS=0x0000000000010202, CSGSFS=0x0000000000000033, ERR=0x0000000000000004
  TRAPNO=0x000000000000000e

Top of Stack: (sp=0x00007f71cce9fff8)
0x00007f71cce9fff8:   00007f71f898ec7e 0000000100000000
0x00007f71ccea0008:   7265660000000000 0000000000006974
0x00007f71ccea0018:   00000000616c632e 00007f71940065b0
0x00007f71ccea0028:   00007f71f40d8410 00007f71f42c6d60
0x00007f71ccea0038:   00007f71f40d8240 00000000a9f2ce89
0x00007f71ccea0048:   0000000000000028 00007f71ccea00b0
0x00007f71ccea0058:   00007f71f898f18f 00007f71a409b000
0x00007f71ccea0068:   0100000000000066 00007f71ccea00d0
0x00007f71ccea0078:   00007f71ccea00f9 00007f71ccea00f7
0x00007f71ccea0088:   00007f71ccea00d0 0000000000000028
0x00007f71ccea0098:   00007f71a409b1f8 00007f71ccea0528
0x00007f71ccea00a8:   0000000000000001 00007f71ccea0510
0x00007f71ccea00b8:   00007f71f8980ec0 00000000d6b55650
0x00007f71ccea00c8:   00007f71f40d8240 6f6e6f6d2f67726f
0x00007f71ccea00d8:   746f622f6874696c 41796669746f4e2f
0x00007f71ccea00e8:   646c697542246b63 7373616c632e7265
0x00007f71ccea00f8:   0000000000000000 0000000000000000
0x00007f71ccea0108:   000000000001b34e 0000000000000001
0x00007f71ccea0118:   0000000000000000 0000000000000020
0x00007f71ccea0128:   0000000000000000 00007f7100000000
0x00007f71ccea0138:   00007f71ccea01e0 00007f71ccea0270
0x00007f71ccea0148:   00007f71e517410c 00007f7100000000
0x00007f71ccea0158:   00007f7100000030 00007f7100000000
0x00007f71ccea0168:   0000000000000000 00007f71ffffffd0
0x00007f71ccea0178:   00007f71fad8c3be 00007f71fa84776c
0x00007f71ccea0188:   00007f71ccea0770 00007f71ccea0910
0x00007f71ccea0198:   00007f71fa84776a 00007f71ccea0910
0x00007f71ccea01a8:   00007f71fad5d72e 00007f71ccea0910
0x00007f71ccea01b8:   00007f71ccea0300 00007f71fa84776a
0x00007f71ccea01c8:   000000000083207c 00000000ccea0930
0x00007f71ccea01d8:   0000003000000000 00007f71fa84776c
0x00007f71ccea01e8:   00007f7100000000 00007f7100000000 

Instructions: (pc=0x00007f71fae6f0ff)
0x00007f71fae6f0df:   00 48 81 ea 80 00 00 00 0f 28 4e f3 0f 28 56 03
0x00007f71fae6f0ef:   0f 28 5e 13 0f 28 66 23 0f 28 6e 33 0f 28 76 43
0x00007f71fae6f0ff:   0f 28 7e 53 44 0f 28 46 63 44 0f 28 4e 73 48 8d
0x00007f71fae6f10f:   b6 80 00 00 00 66 45 0f 3a 0f c8 0d 44 0f 29 4f 

Register to memory mapping:

RAX=0x00007f71940192c0 is an unknown value
RBX=0x0000000000007265 is an unknown value
RCX=0x0000000000008000 is an unknown value
RDX=0x00000000000040d5 is an unknown value
RSP=0x00007f71cce9fff8 is pointing into the stack for thread: 0x00007f71a409b000
RBP=0x00007f71ccea0050 is pointing into the stack for thread: 0x00007f71a409b000
RSI=0x00007f71fb937fad is an unknown value
RDI=0x00007f719401c350 is an unknown value
R8 =0x00007f71940192c0 is an unknown value
R9 =0x00007f71fae6f0e0: <offset 0x15f0e0> in /lib/x86_64-linux-gnu/libc.so.6 at 0x00007f71fad10000
R10=0x00007f7194000078 is an unknown value
R11=0x00007f71faea7470: <offset 0x197470> in /lib/x86_64-linux-gnu/libc.so.6 at 0x00007f71fad10000
R12=0x00007f71fb927c15 is an unknown value
R13=0x00007f71940065b0 is an unknown value
R14=0x0000000000006966 is an unknown value
R15=0x00007f71f40d8240 is an unknown value


Stack: [0x00007f71ccda3000,0x00007f71ccea4000],  sp=0x00007f71cce9fff8,  free space=1011k
Native frames: (J=compiled Java code, j=interpreted, Vv=VM code, C=native code)
C  [libc.so.6+0x15f0ff]
C  [libzip.so+0x1218f]  ZIP_GetEntry2+0xff
C  [libzip.so+0x3ec0]  Java_java_util_zip_ZipFile_getEntry+0xf0
J 101  java.util.zip.ZipFile.getEntry(J[BZ)J (0 bytes) @ 0x00007f71e5142b8e [0x00007f71e5142ac0+0xce]
J 574 C2 java.util.jar.JarFile.getEntry(Ljava/lang/String;)Ljava/util/zip/ZipEntry; (22 bytes) @ 0x00007f71e525e568 [0x00007f71e525e220+0x348]
J 597 C2 sun.misc.URLClassPath$JarLoader.getResource(Ljava/lang/String;Z)Lsun/misc/Resource; (85 bytes) @ 0x00007f71e52679f8 [0x00007f71e5267820+0x1d8]
J 193 C1 sun.misc.URLClassPath.getResource(Ljava/lang/String;Z)Lsun/misc/Resource; (83 bytes) @ 0x00007f71e51727ac [0x00007f71e5172640+0x16c]
J 198 C1 java.net.URLClassLoader$1.run()Ljava/lang/Class; (63 bytes) @ 0x00007f71e517405c [0x00007f71e5173e60+0x1fc]
J 197 C1 java.net.URLClassLoader$1.run()Ljava/lang/Object; (5 bytes) @ 0x00007f71e5173acc [0x00007f71e5173a40+0x8c]
v  ~StubRoutines::call_stub
V  [libjvm.so+0x690dd6]  JavaCalls::call_helper(JavaValue*, methodHandle*, JavaCallArguments*, Thread*)+0x1056
V  [libjvm.so+0x72a09c]  JVM_DoPrivileged+0x27c
J 183  java.security.AccessController.doPrivileged(Ljava/security/PrivilegedExceptionAction;Ljava/security/AccessControlContext;)Ljava/lang/Object; (0 bytes) @ 0x00007f71e516b115 [0x00007f71e516b040+0xd5]
J 165 C1 java.net.URLClassLoader.findClass(Ljava/lang/String;)Ljava/lang/Class; (47 bytes) @ 0x00007f71e5161944 [0x00007f71e51617c0+0x184]
J 139 C1 java.lang.ClassLoader.loadClass(Ljava/lang/String;Z)Ljava/lang/Class; (122 bytes) @ 0x00007f71e515767c [0x00007f71e5156d20+0x95c]
J 196 C1 sun.misc.Launcher$AppClassLoader.loadClass(Ljava/lang/String;Z)Ljava/lang/Class; (85 bytes) @ 0x00007f71e517520c [0x00007f71e5174880+0x98c]
J 195 C1 java.lang.ClassLoader.loadClass(Ljava/lang/String;)Ljava/lang/Class; (7 bytes) @ 0x00007f71e5173744 [0x00007f71e5173640+0x104]
v  ~StubRoutines::call_stub
V  [libjvm.so+0x690dd6]  JavaCalls::call_helper(JavaValue*, methodHandle*, JavaCallArguments*, Thread*)+0x1056
V  [libjvm.so+0x6912e1]  JavaCalls::call_virtual(JavaValue*, KlassHandle, Symbol*, Symbol*, JavaCallArguments*, Thread*)+0x321
V  [libjvm.so+0x691736]  JavaCalls::call_virtual(JavaValue*, Handle, KlassHandle, Symbol*, Symbol*, Handle, Thread*)+0x56
V  [libjvm.so+0xa3c7a0]  SystemDictionary::load_instance_class(Symbol*, Handle, Thread*)+0x3f0
V  [libjvm.so+0xa3b6ec]  SystemDictionary::resolve_instance_class_or_null(Symbol*, Handle, Handle, Thread*)+0x78c
V  [libjvm.so+0xa3cbc3]  SystemDictionary::resolve_or_fail(Symbol*, Handle, Handle, bool, Thread*)+0x33
V  [libjvm.so+0x4f3728]  ConstantPool::klass_at_impl(constantPoolHandle, int, Thread*)+0x158
V  [libjvm.so+0x685331]  InterpreterRuntime::_new(JavaThread*, ConstantPool*, int)+0x71
j  org.monolith.bot.NotifyAck.toBuilder()Lorg/monolith/bot/NotifyAck$Builder;+7
j  org.monolith.bot.NotifyAck.newBuilder()Lorg/monolith/bot/NotifyAck$Builder;+3
j  org.monolith.bot.BotServer$NotifierImpl.send(Lorg/monolith/bot/Notify;Lio/grpc/stub/StreamObserver;)V+0
j  org.monolith.bot.NotifierGrpc$MethodHandlers.invoke(Ljava/lang/Object;Lio/grpc/stub/StreamObserver;)V+33
j  io.grpc.stub.ServerCalls$1$1.onHalfClose()V+22
j  io.grpc.internal.ServerCallImpl$ServerStreamListenerImpl.halfClosed()V+15
j  io.grpc.internal.ServerImpl$JumpToApplicationThreadServerStreamListener$2.runInContext()V+7
j  io.grpc.internal.ContextRunnable.run()V+9
j  io.grpc.internal.SerializingExecutor$TaskRunner.run()V+71
j  java.util.concurrent.ThreadPoolExecutor.runWorker(Ljava/util/concurrent/ThreadPoolExecutor$Worker;)V+95
j  java.util.concurrent.ThreadPoolExecutor$Worker.run()V+5
j  java.lang.Thread.run()V+11
v  ~StubRoutines::call_stub
V  [libjvm.so+0x690dd6]  JavaCalls::call_helper(JavaValue*, methodHandle*, JavaCallArguments*, Thread*)+0x1056
V  [libjvm.so+0x6912e1]  JavaCalls::call_virtual(JavaValue*, KlassHandle, Symbol*, Symbol*, JavaCallArguments*, Thread*)+0x321
V  [libjvm.so+0x691787]  JavaCalls::call_virtual(JavaValue*, Handle, KlassHandle, Symbol*, Symbol*, Thread*)+0x47
V  [libjvm.so+0x72cb00]  thread_entry(JavaThread*, Thread*)+0xa0
V  [libjvm.so+0xa75543]  JavaThread::thread_main_inner()+0x103
V  [libjvm.so+0xa7568c]  JavaThread::run()+0x11c
V  [libjvm.so+0x926268]  java_start(Thread*)+0x108
C  [libpthread.so.0+0x76aa]  start_thread+0xca

Java frames: (J=compiled Java code, j=interpreted, Vv=VM code)
J 101  java.util.zip.ZipFile.getEntry(J[BZ)J (0 bytes) @ 0x00007f71e5142b18 [0x00007f71e5142ac0+0x58]
J 574 C2 java.util.jar.JarFile.getEntry(Ljava/lang/String;)Ljava/util/zip/ZipEntry; (22 bytes) @ 0x00007f71e525e568 [0x00007f71e525e220+0x348]
J 597 C2 sun.misc.URLClassPath$JarLoader.getResource(Ljava/lang/String;Z)Lsun/misc/Resource; (85 bytes) @ 0x00007f71e52679f8 [0x00007f71e5267820+0x1d8]
J 193 C1 sun.misc.URLClassPath.getResource(Ljava/lang/String;Z)Lsun/misc/Resource; (83 bytes) @ 0x00007f71e51727ac [0x00007f71e5172640+0x16c]
J 198 C1 java.net.URLClassLoader$1.run()Ljava/lang/Class; (63 bytes) @ 0x00007f71e517405c [0x00007f71e5173e60+0x1fc]
J 197 C1 java.net.URLClassLoader$1.run()Ljava/lang/Object; (5 bytes) @ 0x00007f71e5173acc [0x00007f71e5173a40+0x8c]
v  ~StubRoutines::call_stub
J 183  java.security.AccessController.doPrivileged(Ljava/security/PrivilegedExceptionAction;Ljava/security/AccessControlContext;)Ljava/lang/Object; (0 bytes) @ 0x00007f71e516b0a3 [0x00007f71e516b040+0x63]
J 165 C1 java.net.URLClassLoader.findClass(Ljava/lang/String;)Ljava/lang/Class; (47 bytes) @ 0x00007f71e5161944 [0x00007f71e51617c0+0x184]
J 139 C1 java.lang.ClassLoader.loadClass(Ljava/lang/String;Z)Ljava/lang/Class; (122 bytes) @ 0x00007f71e515767c [0x00007f71e5156d20+0x95c]
J 196 C1 sun.misc.Launcher$AppClassLoader.loadClass(Ljava/lang/String;Z)Ljava/lang/Class; (85 bytes) @ 0x00007f71e517520c [0x00007f71e5174880+0x98c]
J 195 C1 java.lang.ClassLoader.loadClass(Ljava/lang/String;)Ljava/lang/Class; (7 bytes) @ 0x00007f71e5173744 [0x00007f71e5173640+0x104]
v  ~StubRoutines::call_stub
j  org.monolith.bot.NotifyAck.toBuilder()Lorg/monolith/bot/NotifyAck$Builder;+7
j  org.monolith.bot.NotifyAck.newBuilder()Lorg/monolith/bot/NotifyAck$Builder;+3
j  org.monolith.bot.BotServer$NotifierImpl.send(Lorg/monolith/bot/Notify;Lio/grpc/stub/StreamObserver;)V+0
j  org.monolith.bot.NotifierGrpc$MethodHandlers.invoke(Ljava/lang/Object;Lio/grpc/stub/StreamObserver;)V+33
j  io.grpc.stub.ServerCalls$1$1.onHalfClose()V+22
j  io.grpc.internal.ServerCallImpl$ServerStreamListenerImpl.halfClosed()V+15
j  io.grpc.internal.ServerImpl$JumpToApplicationThreadServerStreamListener$2.runInContext()V+7
j  io.grpc.internal.ContextRunnable.run()V+9
j  io.grpc.internal.SerializingExecutor$TaskRunner.run()V+71
j  java.util.concurrent.ThreadPoolExecutor.runWorker(Ljava/util/concurrent/ThreadPoolExecutor$Worker;)V+95
j  java.util.concurrent.ThreadPoolExecutor$Worker.run()V+5
j  java.lang.Thread.run()V+11
v  ~StubRoutines::call_stub

---------------  P R O C E S S  ---------------

Java Threads: ( => current thread )
=>0x00007f71a409b000 JavaThread "grpc-default-executor-0" daemon [_thread_in_native, id=18212, stack(0x00007f71ccda3000,0x00007f71ccea4000)]
  0x00007f71a4077800 JavaThread "threadDeathWatcher-4-1" daemon [_thread_blocked, id=18211, stack(0x00007f71ccea4000,0x00007f71ccfa5000)]
  0x00007f71a0071800 JavaThread "grpc-default-worker-ELG-3-1" daemon [_thread_in_native, id=18210, stack(0x00007f71cd1a5000,0x00007f71cd2a6000)]
  0x00007f71f454d000 JavaThread "grpc-default-boss-ELG-1-1" daemon [_thread_in_native, id=17860, stack(0x00007f71cd2a6000,0x00007f71cd3a7000)]
  0x00007f71f40ca000 JavaThread "Service Thread" daemon [_thread_blocked, id=17858, stack(0x00007f71cddda000,0x00007f71cdedb000)]
  0x00007f71f40bf000 JavaThread "C1 CompilerThread2" daemon [_thread_blocked, id=17857, stack(0x00007f71cdedb000,0x00007f71cdfdc000)]
  0x00007f71f40bd000 JavaThread "C2 CompilerThread1" daemon [_thread_blocked, id=17856, stack(0x00007f71cdfdc000,0x00007f71ce0dd000)]
  0x00007f71f40ba000 JavaThread "C2 CompilerThread0" daemon [_thread_blocked, id=17855, stack(0x00007f71ce0dd000,0x00007f71ce1de000)]
  0x00007f71f40b8800 JavaThread "Signal Dispatcher" daemon [_thread_blocked, id=17854, stack(0x00007f71ce1de000,0x00007f71ce2df000)]
  0x00007f71f4085000 JavaThread "Finalizer" daemon [_thread_blocked, id=17853, stack(0x00007f71ceaf3000,0x00007f71cebf4000)]
  0x00007f71f4080800 JavaThread "Reference Handler" daemon [_thread_blocked, id=17852, stack(0x00007f71cebf4000,0x00007f71cecf5000)]
  0x00007f71f400a800 JavaThread "main" [_thread_blocked, id=17846, stack(0x00007f71fb80d000,0x00007f71fb90e000)]

Other Threads:
  0x00007f71f4079000 VMThread [stack: 0x00007f71cecf5000,0x00007f71cedf6000] [id=17851]
  0x00007f71f40cd000 WatcherThread [stack: 0x00007f71cdcd9000,0x00007f71cddda000] [id=17859]

VM state:not at safepoint (normal execution)

VM Mutex/Monitor currently owned by a thread: None

Heap:
 PSYoungGen      total 36864K, used 27370K [0x00000000d6b00000, 0x00000000d9400000, 0x0000000100000000)
  eden space 31744K, 86% used [0x00000000d6b00000,0x00000000d85ba868,0x00000000d8a00000)
  from space 5120K, 0% used [0x00000000d8f00000,0x00000000d8f00000,0x00000000d9400000)
  to   space 5120K, 0% used [0x00000000d8a00000,0x00000000d8a00000,0x00000000d8f00000)
 ParOldGen       total 84992K, used 0K [0x0000000084000000, 0x0000000089300000, 0x00000000d6b00000)
  object space 84992K, 0% used [0x0000000084000000,0x0000000084000000,0x0000000089300000)
 Metaspace       used 11182K, capacity 11340K, committed 11520K, reserved 1058816K
  class space    used 1390K, capacity 1436K, committed 1536K, reserved 1048576K

Card table byte_map: [0x00007f71f81dc000,0x00007f71f85bd000] byte_map_base: 0x00007f71f7dbc000

Marking Bits: (ParMarkBitMap*) 0x00007f71face2c80
 Begin Bits: [0x00007f71dc200000, 0x00007f71de100000)
 End Bits:   [0x00007f71de100000, 0x00007f71e0000000)

Polling page: 0x00007f71fb932000

CodeCache: size=245760Kb used=2473Kb max_used=2485Kb free=243286Kb
 bounds [0x00007f71e5000000, 0x00007f71e5270000, 0x00007f71f4000000]
 total_blobs=956 nmethods=608 adapters=262
 compilation: enabled

Compilation events (10 events):
Event: 165,497 Thread 0x00007f71f40bf000 nmethod 601 0x00007f71e5269590 code [0x00007f71e52696e0, 0x00007f71e52697f0]
Event: 165,500 Thread 0x00007f71f40bf000  603       3       com.google.common.base.Preconditions::checkArgument (18 bytes)
Event: 165,500 Thread 0x00007f71f40bf000 nmethod 603 0x00007f71e5269090 code [0x00007f71e5269220, 0x00007f71e5269478]
Event: 165,500 Thread 0x00007f71f40bf000  605       3       com.google.common.io.BaseEncoding$Alphabet::encode (7 bytes)
Event: 165,501 Thread 0x00007f71f40bf000 nmethod 605 0x00007f71e526c210 code [0x00007f71e526c380, 0x00007f71e526c4f0]
Event: 165,501 Thread 0x00007f71f40bf000  604       3       java.lang.Character::valueOf (21 bytes)
Event: 165,501 Thread 0x00007f71f40bf000 nmethod 604 0x00007f71e526bc90 code [0x00007f71e526be00, 0x00007f71e526c0b0]
Event: 165,503 Thread 0x00007f71f40bf000  606       3       com.google.instrumentation.stats.StringUtil::isPrintableChar (18 bytes)
Event: 165,504 Thread 0x00007f71f40bf000 nmethod 606 0x00007f71e526b8d0 code [0x00007f71e526ba40, 0x00007f71e526bc10]
Event: 165,520 Thread 0x00007f71f40bd000  608       4       java.util.HashMap::getNode (148 bytes)

GC Heap History (0 events):
No events

Deoptimization events (7 events):
Event: 0,284 Thread 0x00007f71f400a800 Uncommon trap: reason=unstable_if action=reinterpret pc=0x00007f71e51c7570 method=java.util.HashMap.getNode(ILjava/lang/Object;)Ljava/util/HashMap$Node; @ 62
Event: 0,285 Thread 0x00007f71f400a800 Uncommon trap: reason=unstable_if action=reinterpret pc=0x00007f71e51ba0ac method=java.util.HashMap.getNode(ILjava/lang/Object;)Ljava/util/HashMap$Node; @ 62
Event: 0,299 Thread 0x00007f71f400a800 Uncommon trap: reason=unstable_if action=reinterpret pc=0x00007f71e51994b8 method=java.lang.String.indexOf([CII[CIII)I @ 134
Event: 0,303 Thread 0x00007f71f400a800 Uncommon trap: reason=unstable_if action=reinterpret pc=0x00007f71e51aa8e4 method=sun.misc.MetaIndex.mayContain(Ljava/lang/String;)Z @ 38
Event: 0,303 Thread 0x00007f71f400a800 Uncommon trap: reason=unstable_if action=reinterpret pc=0x00007f71e51a730c method=sun.misc.MetaIndex.mayContain(Ljava/lang/String;)Z @ 38
Event: 0,306 Thread 0x00007f71f400a800 Uncommon trap: reason=unstable_if action=reinterpret pc=0x00007f71e519b474 method=java.lang.String.replace(CC)Ljava/lang/String; @ 26
Event: 165,343 Thread 0x00007f71f454d000 Uncommon trap: reason=unstable_if action=reinterpret pc=0x00007f71e519c054 method=java.lang.String.lastIndexOf([CII[CIII)I @ 66

Internal exceptions (10 events):
Event: 0,103 Thread 0x00007f71f400a800 Exception <a 'java/security/PrivilegedActionException'> (0x00000000d6c5f510) thrown at [/HUDSON3/workspace/8-2-build-linux-amd64/jdk8u121/8372/hotspot/src/share/vm/prims/jvm.cpp, line 1390]
Event: 0,104 Thread 0x00007f71f400a800 Exception <a 'java/security/PrivilegedActionException'> (0x00000000d6c5f720) thrown at [/HUDSON3/workspace/8-2-build-linux-amd64/jdk8u121/8372/hotspot/src/share/vm/prims/jvm.cpp, line 1390]
Event: 0,104 Thread 0x00007f71f400a800 Exception <a 'java/security/PrivilegedActionException'> (0x00000000d6c62160) thrown at [/HUDSON3/workspace/8-2-build-linux-amd64/jdk8u121/8372/hotspot/src/share/vm/prims/jvm.cpp, line 1390]
Event: 0,104 Thread 0x00007f71f400a800 Exception <a 'java/security/PrivilegedActionException'> (0x00000000d6c62370) thrown at [/HUDSON3/workspace/8-2-build-linux-amd64/jdk8u121/8372/hotspot/src/share/vm/prims/jvm.cpp, line 1390]
Event: 0,194 Thread 0x00007f71f400a800 Exception <a 'java/lang/NoClassDefFoundError': org/slf4j/LoggerFactory> (0x00000000d71265e8) thrown at [/HUDSON3/workspace/8-2-build-linux-amd64/jdk8u121/8372/hotspot/src/share/vm/classfile/systemDictionary.cpp, line 199]
Event: 0,195 Thread 0x00007f71f400a800 Exception <a 'java/lang/NoClassDefFoundError': org/apache/log4j/Priority> (0x00000000d713f020) thrown at [/HUDSON3/workspace/8-2-build-linux-amd64/jdk8u121/8372/hotspot/src/share/vm/classfile/systemDictionary.cpp, line 199]
Event: 0,213 Thread 0x00007f71f400a800 Exception <a 'java/lang/ClassCastException': sun.misc.Cleaner cannot be cast to java.lang.Runnable> (0x00000000d72ca118) thrown at [/HUDSON3/workspace/8-2-build-linux-amd64/jdk8u121/8372/hotspot/src/share/vm/interpreter/interpreterRuntime.cpp, line 381]
Event: 0,214 Thread 0x00007f71f400a800 Exception <a 'java/lang/NoClassDefFoundError': javassist/ClassPath> (0x00000000d72dcff8) thrown at [/HUDSON3/workspace/8-2-build-linux-amd64/jdk8u121/8372/hotspot/src/share/vm/classfile/systemDictionary.cpp, line 199]
Event: 165,373 Thread 0x00007f71f454d000 Exception <a 'java/lang/NoSuchFieldError': method resolution failed> (0x00000000d7bd3650) thrown at [/HUDSON3/workspace/8-2-build-linux-amd64/jdk8u121/8372/hotspot/src/share/vm/prims/methodHandles.cpp, line 1146]
Event: 165,374 Thread 0x00007f71f454d000 Exception <a 'java/lang/NoSuchFieldError': method resolution failed> (0x00000000d7be0d40) thrown at [/HUDSON3/workspace/8-2-build-linux-amd64/jdk8u121/8372/hotspot/src/share/vm/prims/methodHandles.cpp, line 1146]

Events (10 events):
Event: 165,519 loading class java/lang/ArrayIndexOutOfBoundsException
Event: 165,519 loading class java/lang/ArrayIndexOutOfBoundsException done
Event: 165,519 loading class com/google/protobuf/UnsafeUtil
Event: 165,519 loading class com/google/protobuf/UnsafeUtil done
Event: 165,519 loading class com/google/protobuf/UnsafeUtil$1
Event: 165,519 loading class com/google/protobuf/UnsafeUtil$1 done
Event: 165,520 loading class com/google/protobuf/Internal
Event: 165,520 loading class com/google/protobuf/Internal done
Event: 165,520 loading class org/monolith/bot/NotifyAck$Builder
Event: 165,520 loading class org/monolith/bot/NotifyAck$Builder done


Dynamic libraries:
00400000-00401000 r-xp 00000000 08:11 3079974                            /home/alexn/.sdkman/candidates/java/8u121/bin/java
00600000-00601000 rw-p 00000000 08:11 3079974                            /home/alexn/.sdkman/candidates/java/8u121/bin/java
018c9000-018ea000 rw-p 00000000 00:00 0                                  [heap]
84000000-89300000 rw-p 00000000 00:00 0 
89300000-d6b00000 ---p 00000000 00:00 0 
d6b00000-d9400000 rw-p 00000000 00:00 0 
d9400000-100000000 ---p 00000000 00:00 0 
100000000-100180000 rw-p 00000000 00:00 0 
100180000-140000000 ---p 00000000 00:00 0 
7f7194000000-7f71942cc000 rw-p 00000000 00:00 0 
7f71942cc000-7f7198000000 ---p 00000000 00:00 0 
7f7198000000-7f7198021000 rw-p 00000000 00:00 0 
7f7198021000-7f719c000000 ---p 00000000 00:00 0 
7f719efff000-7f71a0000000 rw-p 00000000 00:00 0 
7f71a0000000-7f71a0074000 rw-p 00000000 00:00 0 
7f71a0074000-7f71a4000000 ---p 00000000 00:00 0 
7f71a4000000-7f71a409e000 rw-p 00000000 00:00 0 
7f71a409e000-7f71a8000000 ---p 00000000 00:00 0 
7f71a8000000-7f71a8021000 rw-p 00000000 00:00 0 
7f71a8021000-7f71ac000000 ---p 00000000 00:00 0 
7f71ac000000-7f71ac021000 rw-p 00000000 00:00 0 
7f71ac021000-7f71b0000000 ---p 00000000 00:00 0 
7f71b0000000-7f71b01b4000 rw-p 00000000 00:00 0 
7f71b01b4000-7f71b4000000 ---p 00000000 00:00 0 
7f71b4000000-7f71b4237000 rw-p 00000000 00:00 0 
7f71b4237000-7f71b8000000 ---p 00000000 00:00 0 
7f71b8000000-7f71b8021000 rw-p 00000000 00:00 0 
7f71b8021000-7f71bc000000 ---p 00000000 00:00 0 
7f71bc000000-7f71bc165000 rw-p 00000000 00:00 0 
7f71bc165000-7f71c0000000 ---p 00000000 00:00 0 
7f71c0000000-7f71c0021000 rw-p 00000000 00:00 0 
7f71c0021000-7f71c4000000 ---p 00000000 00:00 0 
7f71c4000000-7f71c4021000 rw-p 00000000 00:00 0 
7f71c4021000-7f71c8000000 ---p 00000000 00:00 0 
7f71c8000000-7f71c8021000 rw-p 00000000 00:00 0 
7f71c8021000-7f71cc000000 ---p 00000000 00:00 0 
7f71ccda3000-7f71ccda6000 ---p 00000000 00:00 0 
7f71ccda6000-7f71ccea4000 rw-p 00000000 00:00 0 
7f71ccea4000-7f71ccea7000 ---p 00000000 00:00 0 
7f71ccea7000-7f71cd165000 rw-p 00000000 00:00 0 
7f71cd165000-7f71cd1a5000 ---p 00000000 00:00 0 
7f71cd1a5000-7f71cd1a8000 ---p 00000000 00:00 0 
7f71cd1a8000-7f71cd2a6000 rw-p 00000000 00:00 0 
7f71cd2a6000-7f71cd2a9000 ---p 00000000 00:00 0 
7f71cd2a9000-7f71cd3a7000 rw-p 00000000 00:00 0 
7f71cd3a7000-7f71cd3b0000 r-xp 00000000 08:11 3034946                    /home/alexn/.sdkman/candidates/java/8u121/jre/lib/amd64/libmanagement.so
7f71cd3b0000-7f71cd5af000 ---p 00009000 08:11 3034946                    /home/alexn/.sdkman/candidates/java/8u121/jre/lib/amd64/libmanagement.so
7f71cd5af000-7f71cd5b0000 rw-p 00008000 08:11 3034946                    /home/alexn/.sdkman/candidates/java/8u121/jre/lib/amd64/libmanagement.so
7f71cd5b0000-7f71cd5c1000 r-xp 00000000 08:11 3034924                    /home/alexn/.sdkman/candidates/java/8u121/jre/lib/amd64/libnio.so
7f71cd5c1000-7f71cd7c0000 ---p 00011000 08:11 3034924                    /home/alexn/.sdkman/candidates/java/8u121/jre/lib/amd64/libnio.so
7f71cd7c0000-7f71cd7c1000 rw-p 00010000 08:11 3034924                    /home/alexn/.sdkman/candidates/java/8u121/jre/lib/amd64/libnio.so
7f71cd7c1000-7f71cdac2000 rw-p 00000000 00:00 0 
7f71cdac2000-7f71cdad8000 r-xp 00000000 08:11 3036292                    /home/alexn/.sdkman/candidates/java/8u121/jre/lib/amd64/libnet.so
7f71cdad8000-7f71cdcd8000 ---p 00016000 08:11 3036292                    /home/alexn/.sdkman/candidates/java/8u121/jre/lib/amd64/libnet.so
7f71cdcd8000-7f71cdcd9000 rw-p 00016000 08:11 3036292                    /home/alexn/.sdkman/candidates/java/8u121/jre/lib/amd64/libnet.so
7f71cdcd9000-7f71cdcda000 ---p 00000000 00:00 0 
7f71cdcda000-7f71cddda000 rw-p 00000000 00:00 0 
7f71cddda000-7f71cdddd000 ---p 00000000 00:00 0 
7f71cdddd000-7f71cdedb000 rw-p 00000000 00:00 0 
7f71cdedb000-7f71cdede000 ---p 00000000 00:00 0 
7f71cdede000-7f71cdfdc000 rw-p 00000000 00:00 0 
7f71cdfdc000-7f71cdfdf000 ---p 00000000 00:00 0 
7f71cdfdf000-7f71ce0dd000 rw-p 00000000 00:00 0 
7f71ce0dd000-7f71ce0e0000 ---p 00000000 00:00 0 
7f71ce0e0000-7f71ce1de000 rw-p 00000000 00:00 0 
7f71ce1de000-7f71ce1e1000 ---p 00000000 00:00 0 
7f71ce1e1000-7f71ce2df000 rw-p 00000000 00:00 0 
7f71ce2df000-7f71ceaf3000 r--p 00000000 08:11 6168266                    /usr/lib/locale/locale-archive
7f71ceaf3000-7f71ceaf6000 ---p 00000000 00:00 0 
7f71ceaf6000-7f71cebf4000 rw-p 00000000 00:00 0 
7f71cebf4000-7f71cebf7000 ---p 00000000 00:00 0 
7f71cebf7000-7f71cecf5000 rw-p 00000000 00:00 0 
7f71cecf5000-7f71cecf6000 ---p 00000000 00:00 0 
7f71cecf6000-7f71d0000000 rw-p 00000000 00:00 0 
7f71d0000000-7f71d0021000 rw-p 00000000 00:00 0 
7f71d0021000-7f71d4000000 ---p 00000000 00:00 0 
7f71d4000000-7f71d4021000 rw-p 00000000 00:00 0 
7f71d4021000-7f71d8000000 ---p 00000000 00:00 0 
7f71d8000000-7f71d8021000 rw-p 00000000 00:00 0 
7f71d8021000-7f71dc000000 ---p 00000000 00:00 0 
7f71dc098000-7f71dc09a000 rw-p 00000000 00:00 0 
7f71dc09a000-7f71dc0b6000 r--s 00393000 08:11 3019344                    /home/alexn/.sdkman/candidates/java/8u121/jre/lib/ext/cldrdata.jar
7f71dc0b6000-7f71dc0c0000 r--s 00116000 08:11 3019342                    /home/alexn/.sdkman/candidates/java/8u121/jre/lib/ext/localedata.jar
7f71dc0c0000-7f71dc0cd000 r--s 0009d000 08:11 3100933                    /home/alexn/java/grpcNet/build/install/grpcNet/lib/netty-common-4.1.8.Final.jar
7f71dc0cd000-7f71dc0cf000 r--s 00006000 08:11 3100932                    /home/alexn/java/grpcNet/build/install/grpcNet/lib/netty-resolver-4.1.8.Final.jar
7f71dc0cf000-7f71dc0d3000 r--s 0003c000 08:11 3100909                    /home/alexn/java/grpcNet/build/install/grpcNet/lib/netty-buffer-4.1.8.Final.jar
7f71dc0d3000-7f71dc0ff000 r--s 00208000 08:11 3100896                    /home/alexn/java/grpcNet/build/install/grpcNet/lib/guava-19.0.jar
7f71dc0ff000-7f71e0000000 rw-p 00000000 00:00 0 
7f71e0000000-7f71e0021000 rw-p 00000000 00:00 0 
7f71e0021000-7f71e4000000 ---p 00000000 00:00 0 
7f71e4000000-7f71e4006000 r--s 00046000 08:11 3100908                    /home/alexn/java/grpcNet/build/install/grpcNet/lib/netty-codec-4.1.8.Final.jar
7f71e4006000-7f71e400b000 r--s 00034000 08:11 3100907                    /home/alexn/java/grpcNet/build/install/grpcNet/lib/gson-2.7.jar
7f71e400b000-7f71e4014000 r--s 00060000 08:11 3100905                    /home/alexn/java/grpcNet/build/install/grpcNet/lib/netty-transport-4.1.8.Final.jar
7f71e4014000-7f71e401b000 r--s 0004b000 08:11 3100904                    /home/alexn/java/grpcNet/build/install/grpcNet/lib/netty-handler-4.1.8.Final.jar
7f71e401b000-7f71e4026000 r--s 0007b000 08:11 3100903                    /home/alexn/java/grpcNet/build/install/grpcNet/lib/netty-codec-http-4.1.8.Final.jar
7f71e4026000-7f71e44ae000 rw-p 00000000 00:00 0 
7f71e44ae000-7f71e4687000 r--s 03d3e000 08:11 3034559                    /home/alexn/.sdkman/candidates/java/8u121/jre/lib/rt.jar
7f71e4687000-7f71e4a67000 rw-p 00000000 00:00 0 
7f71e4a67000-7f71e4a68000 ---p 00000000 00:00 0 
7f71e4a68000-7f71e4b68000 rw-p 00000000 00:00 0 
7f71e4b68000-7f71e4b69000 ---p 00000000 00:00 0 
7f71e4b69000-7f71e4c69000 rw-p 00000000 00:00 0 
7f71e4c69000-7f71e4c6a000 ---p 00000000 00:00 0 
7f71e4c6a000-7f71e4d94000 rw-p 00000000 00:00 0 
7f71e4d94000-7f71e5000000 ---p 00000000 00:00 0 
7f71e5000000-7f71e5270000 rwxp 00000000 00:00 0 
7f71e5270000-7f71f4000000 ---p 00000000 00:00 0 
7f71f4000000-7f71f4581000 rw-p 00000000 00:00 0 
7f71f4581000-7f71f8000000 ---p 00000000 00:00 0 
7f71f8000000-7f71f8001000 rw-p 00000000 00:00 0 
7f71f8001000-7f71f8005000 r--s 0001a000 08:11 3100906                    /home/alexn/java/grpcNet/build/install/grpcNet/lib/netty-codec-socks-4.1.8.Final.jar
7f71f8005000-7f71f8007000 r--s 00006000 08:11 3100902                    /home/alexn/java/grpcNet/build/install/grpcNet/lib/instrumentation-api-0.3.0.jar
7f71f8007000-7f71f8016000 r--s 0013a000 08:11 3100895                    /home/alexn/java/grpcNet/build/install/grpcNet/lib/protobuf-java-3.2.0.jar
7f71f8016000-7f71f80db000 rw-p 00000000 00:00 0 
7f71f80db000-7f71f80dc000 ---p 00000000 00:00 0 
7f71f80dc000-7f71f8206000 rw-p 00000000 00:00 0 
7f71f8206000-7f71f8471000 ---p 00000000 00:00 0 
7f71f8471000-7f71f8486000 rw-p 00000000 00:00 0 
7f71f8486000-7f71f85bc000 ---p 00000000 00:00 0 
7f71f85bc000-7f71f85c7000 rw-p 00000000 00:00 0 
7f71f85c7000-7f71f897d000 ---p 00000000 00:00 0 
7f71f897d000-7f71f8997000 r-xp 00000000 08:11 3036287                    /home/alexn/.sdkman/candidates/java/8u121/jre/lib/amd64/libzip.so
7f71f8997000-7f71f8b97000 ---p 0001a000 08:11 3036287                    /home/alexn/.sdkman/candidates/java/8u121/jre/lib/amd64/libzip.so
7f71f8b97000-7f71f8b98000 rw-p 0001a000 08:11 3036287                    /home/alexn/.sdkman/candidates/java/8u121/jre/lib/amd64/libzip.so
7f71f8b98000-7f71f8ba4000 r-xp 00000000 08:11 3936728                    /lib/x86_64-linux-gnu/libnss_files-2.21.so
7f71f8ba4000-7f71f8da3000 ---p 0000c000 08:11 3936728                    /lib/x86_64-linux-gnu/libnss_files-2.21.so
7f71f8da3000-7f71f8da4000 r--p 0000b000 08:11 3936728                    /lib/x86_64-linux-gnu/libnss_files-2.21.so
7f71f8da4000-7f71f8da5000 rw-p 0000c000 08:11 3936728                    /lib/x86_64-linux-gnu/libnss_files-2.21.so
7f71f8da5000-7f71f8db0000 r-xp 00000000 08:11 3936738                    /lib/x86_64-linux-gnu/libnss_nis-2.21.so
7f71f8db0000-7f71f8faf000 ---p 0000b000 08:11 3936738                    /lib/x86_64-linux-gnu/libnss_nis-2.21.so
7f71f8faf000-7f71f8fb0000 r--p 0000a000 08:11 3936738                    /lib/x86_64-linux-gnu/libnss_nis-2.21.so
7f71f8fb0000-7f71f8fb1000 rw-p 0000b000 08:11 3936738                    /lib/x86_64-linux-gnu/libnss_nis-2.21.so
7f71f8fb1000-7f71f8fc8000 r-xp 00000000 08:11 3936722                    /lib/x86_64-linux-gnu/libnsl-2.21.so
7f71f8fc8000-7f71f91c7000 ---p 00017000 08:11 3936722                    /lib/x86_64-linux-gnu/libnsl-2.21.so
7f71f91c7000-7f71f91c8000 r--p 00016000 08:11 3936722                    /lib/x86_64-linux-gnu/libnsl-2.21.so
7f71f91c8000-7f71f91c9000 rw-p 00017000 08:11 3936722                    /lib/x86_64-linux-gnu/libnsl-2.21.so
7f71f91c9000-7f71f91cb000 rw-p 00000000 00:00 0 
7f71f91cb000-7f71f91d3000 r-xp 00000000 08:11 3936724                    /lib/x86_64-linux-gnu/libnss_compat-2.21.so
7f71f91d3000-7f71f93d2000 ---p 00008000 08:11 3936724                    /lib/x86_64-linux-gnu/libnss_compat-2.21.so
7f71f93d2000-7f71f93d3000 r--p 00007000 08:11 3936724                    /lib/x86_64-linux-gnu/libnss_compat-2.21.so
7f71f93d3000-7f71f93d4000 rw-p 00008000 08:11 3936724                    /lib/x86_64-linux-gnu/libnss_compat-2.21.so
7f71f93d4000-7f71f93ff000 r-xp 00000000 08:11 3035276                    /home/alexn/.sdkman/candidates/java/8u121/jre/lib/amd64/libjava.so
7f71f93ff000-7f71f95fe000 ---p 0002b000 08:11 3035276                    /home/alexn/.sdkman/candidates/java/8u121/jre/lib/amd64/libjava.so
7f71f95fe000-7f71f9600000 rw-p 0002a000 08:11 3035276                    /home/alexn/.sdkman/candidates/java/8u121/jre/lib/amd64/libjava.so
7f71f9600000-7f71f960d000 r-xp 00000000 08:11 3034925                    /home/alexn/.sdkman/candidates/java/8u121/jre/lib/amd64/libverify.so
7f71f960d000-7f71f980c000 ---p 0000d000 08:11 3034925                    /home/alexn/.sdkman/candidates/java/8u121/jre/lib/amd64/libverify.so
7f71f980c000-7f71f980e000 rw-p 0000c000 08:11 3034925                    /home/alexn/.sdkman/candidates/java/8u121/jre/lib/amd64/libverify.so
7f71f980e000-7f71f9815000 r-xp 00000000 08:11 3936783                    /lib/x86_64-linux-gnu/librt-2.21.so
7f71f9815000-7f71f9a14000 ---p 00007000 08:11 3936783                    /lib/x86_64-linux-gnu/librt-2.21.so
7f71f9a14000-7f71f9a15000 r--p 00006000 08:11 3936783                    /lib/x86_64-linux-gnu/librt-2.21.so
7f71f9a15000-7f71f9a16000 rw-p 00007000 08:11 3936783                    /lib/x86_64-linux-gnu/librt-2.21.so
7f71f9a16000-7f71f9b1d000 r-xp 00000000 08:11 3936701                    /lib/x86_64-linux-gnu/libm-2.21.so
7f71f9b1d000-7f71f9d1c000 ---p 00107000 08:11 3936701                    /lib/x86_64-linux-gnu/libm-2.21.so
7f71f9d1c000-7f71f9d1d000 r--p 00106000 08:11 3936701                    /lib/x86_64-linux-gnu/libm-2.21.so
7f71f9d1d000-7f71f9d1e000 rw-p 00107000 08:11 3936701                    /lib/x86_64-linux-gnu/libm-2.21.so
7f71f9d1e000-7f71fa9ec000 r-xp 00000000 08:11 3036281                    /home/alexn/.sdkman/candidates/java/8u121/jre/lib/amd64/server/libjvm.so
7f71fa9ec000-7f71fabec000 ---p 00cce000 08:11 3036281                    /home/alexn/.sdkman/candidates/java/8u121/jre/lib/amd64/server/libjvm.so
7f71fabec000-7f71facc5000 rw-p 00cce000 08:11 3036281                    /home/alexn/.sdkman/candidates/java/8u121/jre/lib/amd64/server/libjvm.so
7f71facc5000-7f71fad10000 rw-p 00000000 00:00 0 
7f71fad10000-7f71faed0000 r-xp 00000000 08:11 3936639                    /lib/x86_64-linux-gnu/libc-2.21.so
7f71faed0000-7f71fb0d0000 ---p 001c0000 08:11 3936639                    /lib/x86_64-linux-gnu/libc-2.21.so
7f71fb0d0000-7f71fb0d4000 r--p 001c0000 08:11 3936639                    /lib/x86_64-linux-gnu/libc-2.21.so
7f71fb0d4000-7f71fb0d6000 rw-p 001c4000 08:11 3936639                    /lib/x86_64-linux-gnu/libc-2.21.so
7f71fb0d6000-7f71fb0da000 rw-p 00000000 00:00 0 
7f71fb0da000-7f71fb0dd000 r-xp 00000000 08:11 3936658                    /lib/x86_64-linux-gnu/libdl-2.21.so
7f71fb0dd000-7f71fb2dc000 ---p 00003000 08:11 3936658                    /lib/x86_64-linux-gnu/libdl-2.21.so
7f71fb2dc000-7f71fb2dd000 r--p 00002000 08:11 3936658                    /lib/x86_64-linux-gnu/libdl-2.21.so
7f71fb2dd000-7f71fb2de000 rw-p 00003000 08:11 3936658                    /lib/x86_64-linux-gnu/libdl-2.21.so
7f71fb2de000-7f71fb2f3000 r-xp 00000000 08:11 3019332                    /home/alexn/.sdkman/candidates/java/8u121/lib/amd64/jli/libjli.so
7f71fb2f3000-7f71fb4f3000 ---p 00015000 08:11 3019332                    /home/alexn/.sdkman/candidates/java/8u121/lib/amd64/jli/libjli.so
7f71fb4f3000-7f71fb4f4000 rw-p 00015000 08:11 3019332                    /home/alexn/.sdkman/candidates/java/8u121/lib/amd64/jli/libjli.so
7f71fb4f4000-7f71fb50c000 r-xp 00000000 08:11 3936775                    /lib/x86_64-linux-gnu/libpthread-2.21.so
7f71fb50c000-7f71fb70c000 ---p 00018000 08:11 3936775                    /lib/x86_64-linux-gnu/libpthread-2.21.so
7f71fb70c000-7f71fb70d000 r--p 00018000 08:11 3936775                    /lib/x86_64-linux-gnu/libpthread-2.21.so
7f71fb70d000-7f71fb70e000 rw-p 00019000 08:11 3936775                    /lib/x86_64-linux-gnu/libpthread-2.21.so
7f71fb70e000-7f71fb712000 rw-p 00000000 00:00 0 
7f71fb712000-7f71fb736000 r-xp 00000000 08:11 3936611                    /lib/x86_64-linux-gnu/ld-2.21.so
7f71fb736000-7f71fb737000 rw-p 00000000 00:00 0 
7f71fb737000-7f71fb738000 r--s 00004000 08:11 3100901                    /home/alexn/java/grpcNet/build/install/grpcNet/lib/grpc-context-1.2.0.jar
7f71fb738000-7f71fb73b000 r--s 00006000 08:11 3100900                    /home/alexn/java/grpcNet/build/install/grpcNet/lib/jsr305-3.0.0.jar
7f71fb73b000-7f71fb742000 r--s 00052000 08:11 3100893                    /home/alexn/java/grpcNet/build/install/grpcNet/lib/netty-codec-http2-4.1.8.Final.jar
7f71fb742000-7f71fb80d000 rw-p 00000000 00:00 0 
7f71fb80d000-7f71fb810000 ---p 00000000 00:00 0 
7f71fb810000-7f71fb912000 rw-p 00000000 00:00 0 
7f71fb912000-7f71fb914000 r--s 00001000 08:11 3100899                    /home/alexn/java/grpcNet/build/install/grpcNet/lib/error_prone_annotations-2.0.11.jar
7f71fb914000-7f71fb915000 r--s 00001000 08:11 3100898                    /home/alexn/java/grpcNet/build/install/grpcNet/lib/grpc-protobuf-lite-1.2.0.jar
7f71fb915000-7f71fb917000 r--s 0000f000 08:11 3100897                    /home/alexn/java/grpcNet/build/install/grpcNet/lib/protobuf-java-util-3.2.0.jar
7f71fb917000-7f71fb918000 r--s 00004000 08:11 3100894                    /home/alexn/java/grpcNet/build/install/grpcNet/lib/netty-handler-proxy-4.1.8.Final.jar
7f71fb918000-7f71fb921000 r--s 0005f000 08:11 3100892                    /home/alexn/java/grpcNet/build/install/grpcNet/lib/grpc-core-1.2.0.jar
7f71fb921000-7f71fb922000 r--s 00008000 08:11 3100891                    /home/alexn/java/grpcNet/build/install/grpcNet/lib/grpc-stub-1.2.0.jar
7f71fb922000-7f71fb923000 r--s 00000000 08:11 3100890                    /home/alexn/java/grpcNet/build/install/grpcNet/lib/grpc-protobuf-1.2.0.jar
7f71fb923000-7f71fb927000 r--s 00025000 08:11 3100889                    /home/alexn/java/grpcNet/build/install/grpcNet/lib/grpc-netty-1.2.0.jar
7f71fb927000-7f71fb929000 r--s 00007000 08:11 3100888                    /home/alexn/java/grpcNet/build/install/grpcNet/lib/grpcNet.jar
7f71fb929000-7f71fb931000 rw-s 00000000 08:11 4195964                    /tmp/hsperfdata_alexn/17837
7f71fb931000-7f71fb932000 rw-p 00000000 00:00 0 
7f71fb932000-7f71fb933000 r--p 00000000 00:00 0 
7f71fb933000-7f71fb935000 rw-p 00000000 00:00 0 
7f71fb935000-7f71fb936000 r--p 00023000 08:11 3936611                    /lib/x86_64-linux-gnu/ld-2.21.so
7f71fb936000-7f71fb937000 rw-p 00024000 08:11 3936611                    /lib/x86_64-linux-gnu/ld-2.21.so
7f71fb937000-7f71fb938000 rw-p 00000000 00:00 0 
7ffef8050000-7ffef8072000 rw-p 00000000 00:00 0                          [stack]
7ffef80b1000-7ffef80b3000 r--p 00000000 00:00 0                          [vvar]
7ffef80b3000-7ffef80b5000 r-xp 00000000 00:00 0                          [vdso]
ffffffffff600000-ffffffffff601000 r-xp 00000000 00:00 0                  [vsyscall]

VM Arguments:
java_command: org.monolith.bot.BotServer
java_class_path (initial): /home/alexn/java/grpcNet/build/install/grpcNet/lib/grpcNet.jar:/home/alexn/java/grpcNet/build/install/grpcNet/lib/grpc-netty-1.2.0.jar:/home/alexn/java/grpcNet/build/install/grpcNet/lib/grpc-protobuf-1.2.0.jar:/home/alexn/java/grpcNet/build/install/grpcNet/lib/grpc-stub-1.2.0.jar:/home/alexn/java/grpcNet/build/install/grpcNet/lib/grpc-core-1.2.0.jar:/home/alexn/java/grpcNet/build/install/grpcNet/lib/netty-codec-http2-4.1.8.Final.jar:/home/alexn/java/grpcNet/build/install/grpcNet/lib/netty-handler-proxy-4.1.8.Final.jar:/home/alexn/java/grpcNet/build/install/grpcNet/lib/protobuf-java-3.2.0.jar:/home/alexn/java/grpcNet/build/install/grpcNet/lib/guava-19.0.jar:/home/alexn/java/grpcNet/build/install/grpcNet/lib/protobuf-java-util-3.2.0.jar:/home/alexn/java/grpcNet/build/install/grpcNet/lib/grpc-protobuf-lite-1.2.0.jar:/home/alexn/java/grpcNet/build/install/grpcNet/lib/error_prone_annotations-2.0.11.jar:/home/alexn/java/grpcNet/build/install/grpcNet/lib/jsr305-3.0.0.jar:/home/alexn/java/grpcNet/build/install/grpcNet/lib/grpc-context-1.2.0.jar:/home/alexn/java/grpcNet/build/install/grpcNet/lib/instrumentation-api-0.3.0.jar:/home/alexn/java/grpcNet/build/install/grpcNet/lib/netty-codec-http-4.1.8.Final.jar:/home/alexn/java/grpcNet/build/install/grpcNet/lib/netty-handler-4.1.8.Final.jar:/home/alexn/java/grpcNet/build/install/grpcNet/lib/netty-transport-4.1.8.Final.jar:/home/alexn/java/grpcNet/build/install/grpcNet/lib/netty-codec-socks-4.1.8.Final.jar:/home/alexn/java/grpcNet/build/install/grpcNet/lib/gson-2.7.jar:/home/alexn/java/grpcNet/build/install/grpcNet/lib/netty-codec-4.1.8.Final.jar:/home/alexn/java/grpcNet/build/install/grpcNet/lib/netty-buffer-4.1.8.Final.jar:/home/alexn/java/grpcNet/build/install/grpcNet/lib/netty-resolver-4.1.8.Final.jar:/home/alexn/java/grpcNet/build/install/grpcNet/lib/netty-common-4.1.8.Final.jar
Launcher Type: SUN_STANDARD

Environment Variables:
JAVA_HOME=/home/alexn/.sdkman/candidates/java/current
PATH=/home/alexn/.sdkman/candidates/java/current/bin:/home/alexn/.sdkman/candidates/gradle/current/bin:/usr/local/sbin:/usr/local/bin:/usr/sbin:/usr/bin:/sbin:/bin:/usr/games:/usr/local/games:/home/alexn/vendor/node-v5.2.0-linux-x64/bin/:/usr/local/go/bin:/usr/local/zookeeper/bin
SHELL=/usr/bin/zsh
DISPLAY=:0

Signal Handlers:
SIGSEGV: [libjvm.so+0xac78c0], sa_mask[0]=11111111011111111101111111111110, sa_flags=SA_RESTART|SA_SIGINFO
SIGBUS: [libjvm.so+0xac78c0], sa_mask[0]=11111111011111111101111111111110, sa_flags=SA_RESTART|SA_SIGINFO
SIGFPE: [libjvm.so+0x920ac0], sa_mask[0]=11111111011111111101111111111110, sa_flags=SA_RESTART|SA_SIGINFO
SIGPIPE: [libjvm.so+0x920ac0], sa_mask[0]=11111111011111111101111111111110, sa_flags=SA_RESTART|SA_SIGINFO
SIGXFSZ: [libjvm.so+0x920ac0], sa_mask[0]=11111111011111111101111111111110, sa_flags=SA_RESTART|SA_SIGINFO
SIGILL: [libjvm.so+0x920ac0], sa_mask[0]=11111111011111111101111111111110, sa_flags=SA_RESTART|SA_SIGINFO
SIGUSR1: SIG_DFL, sa_mask[0]=00000000000000000000000000000000, sa_flags=none
SIGUSR2: [libjvm.so+0x922300], sa_mask[0]=00000000000000000000000000000000, sa_flags=SA_RESTART|SA_SIGINFO
SIGHUP: [libjvm.so+0x923700], sa_mask[0]=11111111011111111101111111111110, sa_flags=SA_RESTART|SA_SIGINFO
SIGINT: [libjvm.so+0x923700], sa_mask[0]=11111111011111111101111111111110, sa_flags=SA_RESTART|SA_SIGINFO
SIGTERM: [libjvm.so+0x923700], sa_mask[0]=11111111011111111101111111111110, sa_flags=SA_RESTART|SA_SIGINFO
SIGQUIT: [libjvm.so+0x923700], sa_mask[0]=11111111011111111101111111111110, sa_flags=SA_RESTART|SA_SIGINFO


---------------  S Y S T E M  ---------------

OS:DISTRIB_ID=Ubuntu
DISTRIB_RELEASE=15.10
DISTRIB_CODENAME=wily
DISTRIB_DESCRIPTION="Ubuntu 15.10"

uname:Linux 4.2.0-38-generic #45-Ubuntu SMP Wed Jun 8 21:21:49 UTC 2016 x86_64
libc:glibc 2.21 NPTL 2.21 
rlimit: STACK 8192k, CORE 0k, NPROC 31585, NOFILE 65536, AS infinity
load average:0,33 0,38 0,30

/proc/meminfo:
MemTotal:        8122004 kB
MemFree:          531936 kB
MemAvailable:    1358840 kB
Buffers:          267148 kB
Cached:           991136 kB
SwapCached:        16136 kB
Active:          5264308 kB
Inactive:        1959036 kB
Active(anon):    4696808 kB
Inactive(anon):  1563792 kB
Active(file):     567500 kB
Inactive(file):   395244 kB
Unevictable:          32 kB
Mlocked:              32 kB
SwapTotal:       9797628 kB
SwapFree:        9722580 kB
Dirty:               536 kB
Writeback:             0 kB
AnonPages:       5949600 kB
Mapped:           843388 kB
Shmem:            295508 kB
Slab:             120544 kB
SReclaimable:      66204 kB
SUnreclaim:        54340 kB
KernelStack:       17392 kB
PageTables:        80608 kB
NFS_Unstable:          0 kB
Bounce:                0 kB
WritebackTmp:          0 kB
CommitLimit:    13858628 kB
Committed_AS:   15973528 kB
VmallocTotal:   34359738367 kB
VmallocUsed:      125588 kB
VmallocChunk:   34359537660 kB
HardwareCorrupted:     0 kB
AnonHugePages:   2101248 kB
CmaTotal:              0 kB
CmaFree:               0 kB
HugePages_Total:       0
HugePages_Free:        0
HugePages_Rsvd:        0
HugePages_Surp:        0
Hugepagesize:       2048 kB
DirectMap4k:      403112 kB
DirectMap2M:     7931904 kB


CPU:total 4 (4 cores per cpu, 1 threads per core) family 6 model 58 stepping 9, cmov, cx8, fxsr, mmx, sse, sse2, sse3, ssse3, sse4.1, sse4.2, popcnt, avx, aes, clmul, erms, tsc, tscinvbit, tscinv

/proc/cpuinfo:
processor	: 0
vendor_id	: GenuineIntel
cpu family	: 6
model		: 58
model name	: Intel(R) Core(TM) i5-3470 CPU @ 3.20GHz
stepping	: 9
microcode	: 0x10
cpu MHz		: 3443.500
cache size	: 6144 KB
physical id	: 0
siblings	: 4
core id		: 0
cpu cores	: 4
apicid		: 0
initial apicid	: 0
fpu		: yes
fpu_exception	: yes
cpuid level	: 13
wp		: yes
flags		: fpu vme de pse tsc msr pae mce cx8 apic sep mtrr pge mca cmov pat pse36 clflush dts acpi mmx fxsr sse sse2 ss ht tm pbe syscall nx rdtscp lm constant_tsc arch_perfmon pebs bts rep_good nopl xtopology nonstop_tsc aperfmperf eagerfpu pni pclmulqdq dtes64 monitor ds_cpl vmx smx est tm2 ssse3 cx16 xtpr pdcm pcid sse4_1 sse4_2 x2apic popcnt tsc_deadline_timer aes xsave avx f16c rdrand lahf_lm ida arat epb pln pts dtherm tpr_shadow vnmi flexpriority ept vpid fsgsbase smep erms xsaveopt
bugs		:
bogomips	: 6385.53
clflush size	: 64
cache_alignment	: 64
address sizes	: 36 bits physical, 48 bits virtual
power management:

processor	: 1
vendor_id	: GenuineIntel
cpu family	: 6
model		: 58
model name	: Intel(R) Core(TM) i5-3470 CPU @ 3.20GHz
stepping	: 9
microcode	: 0x10
cpu MHz		: 3544.375
cache size	: 6144 KB
physical id	: 0
siblings	: 4
core id		: 1
cpu cores	: 4
apicid		: 2
initial apicid	: 2
fpu		: yes
fpu_exception	: yes
cpuid level	: 13
wp		: yes
flags		: fpu vme de pse tsc msr pae mce cx8 apic sep mtrr pge mca cmov pat pse36 clflush dts acpi mmx fxsr sse sse2 ss ht tm pbe syscall nx rdtscp lm constant_tsc arch_perfmon pebs bts rep_good nopl xtopology nonstop_tsc aperfmperf eagerfpu pni pclmulqdq dtes64 monitor ds_cpl vmx smx est tm2 ssse3 cx16 xtpr pdcm pcid sse4_1 sse4_2 x2apic popcnt tsc_deadline_timer aes xsave avx f16c rdrand lahf_lm ida arat epb pln pts dtherm tpr_shadow vnmi flexpriority ept vpid fsgsbase smep erms xsaveopt
bugs		:
bogomips	: 6385.53
clflush size	: 64
cache_alignment	: 64
address sizes	: 36 bits physical, 48 bits virtual
power management:

processor	: 2
vendor_id	: GenuineIntel
cpu family	: 6
model		: 58
model name	: Intel(R) Core(TM) i5-3470 CPU @ 3.20GHz
stepping	: 9
microcode	: 0x10
cpu MHz		: 3510.500
cache size	: 6144 KB
physical id	: 0
siblings	: 4
core id		: 2
cpu cores	: 4
apicid		: 4
initial apicid	: 4
fpu		: yes
fpu_exception	: yes
cpuid level	: 13
wp		: yes
flags		: fpu vme de pse tsc msr pae mce cx8 apic sep mtrr pge mca cmov pat pse36 clflush dts acpi mmx fxsr sse sse2 ss ht tm pbe syscall nx rdtscp lm constant_tsc arch_perfmon pebs bts rep_good nopl xtopology nonstop_tsc aperfmperf eagerfpu pni pclmulqdq dtes64 monitor ds_cpl vmx smx est tm2 ssse3 cx16 xtpr pdcm pcid sse4_1 sse4_2 x2apic popcnt tsc_deadline_timer aes xsave avx f16c rdrand lahf_lm ida arat epb pln pts dtherm tpr_shadow vnmi flexpriority ept vpid fsgsbase smep erms xsaveopt
bugs		:
bogomips	: 6385.53
clflush size	: 64
cache_alignment	: 64
address sizes	: 36 bits physical, 48 bits virtual
power management:

processor	: 3
vendor_id	: GenuineIntel
cpu family	: 6
model		: 58
model name	: Intel(R) Core(TM) i5-3470 CPU @ 3.20GHz
stepping	: 9
microcode	: 0x10
cpu MHz		: 3544.750
cache size	: 6144 KB
physical id	: 0
siblings	: 4
core id		: 3
cpu cores	: 4
apicid		: 6
initial apicid	: 6
fpu		: yes
fpu_exception	: yes
cpuid level	: 13
wp		: yes
flags		: fpu vme de pse tsc msr pae mce cx8 apic sep mtrr pge mca cmov pat pse36 clflush dts acpi mmx fxsr sse sse2 ss ht tm pbe syscall nx rdtscp lm constant_tsc arch_perfmon pebs bts rep_good nopl xtopology nonstop_tsc aperfmperf eagerfpu pni pclmulqdq dtes64 monitor ds_cpl vmx smx est tm2 ssse3 cx16 xtpr pdcm pcid sse4_1 sse4_2 x2apic popcnt tsc_deadline_timer aes xsave avx f16c rdrand lahf_lm ida arat epb pln pts dtherm tpr_shadow vnmi flexpriority ept vpid fsgsbase smep erms xsaveopt
bugs		:
bogomips	: 6385.53
clflush size	: 64
cache_alignment	: 64
address sizes	: 36 bits physical, 48 bits virtual
power management:



Memory: 4k page, physical 8122004k(531936k free), swap 9797628k(9722580k free)

vm_info: Java HotSpot(TM) 64-Bit Server VM (25.121-b13) for linux-amd64 JRE (1.8.0_121-b13), built on Dec 12 2016 16:36:53 by "java_re" with gcc 4.3.0 20080428 (Red Hat 4.3.0-8)

time: Sun Apr 16 16:13:46 2017
elapsed time: 165 seconds (0d 0h 2m 45s)

